Hello! Welcome From Team Retailware [23-Aug-2018]
----------------------------------------------------------------------------
[10:25:26]->MakeConnection = Cannot open database "Rpro_37600" requested by the login. The login failed.
Login failed for user 'rpro'.
[10:25:27]->MakeConnection = Cannot open database "Rpro_37600" requested by the login. The login failed.
Login failed for user 'rpro'.
[10:25:28]->MakeConnection = Cannot open database "Rpro_37600" requested by the login. The login failed.
Login failed for user 'rpro'.
[10:25:34]->MakeConnection = Cannot open database "Rpro_37600" requested by the login. The login failed.
Login failed for user 'rpro'.
[10:25:36]->MakeConnection = Cannot open database "Rpro_37600" requested by the login. The login failed.
Login failed for user 'rpro'.
[10:25:37]->MakeConnection = Cannot open database "Rpro_37600" requested by the login. The login failed.
Login failed for user 'rpro'.
[10:25:38]->MakeConnection = Cannot open database "Rpro_37600" requested by the login. The login failed.
Login failed for user 'rpro'.
[10:25:38]->MakeConnection = Cannot open database "Rpro_37600" requested by the login. The login failed.
Login failed for user 'rpro'.
[10:25:39]->MakeConnection = Cannot open database "Rpro_37600" requested by the login. The login failed.
Login failed for user 'rpro'.
[10:25:40]->MakeConnection = Cannot open database "Rpro_37600" requested by the login. The login failed.
Login failed for user 'rpro'.
[10:25:47]->MakeConnection = Cannot open database "Rpro_37600" requested by the login. The login failed.
Login failed for user 'rpro'.
[10:25:55]->MakeConnection = Cannot open database "Rpro_37600" requested by the login. The login failed.
Login failed for user 'rpro'.
[10:25:55]->MakeConnection = Cannot open database "Rpro_37600" requested by the login. The login failed.
Login failed for user 'rpro'.
[10:25:55]->MakeConnection = Cannot open database "Rpro_37600" requested by the login. The login failed.
Login failed for user 'rpro'.
[10:25:55]->MakeConnection = Cannot open database "Rpro_37600" requested by the login. The login failed.
Login failed for user 'rpro'.
[10:25:58]->MakeConnection = Cannot open database "Rpro_37600" requested by the login. The login failed.
Login failed for user 'rpro'.
[10:26:00]->MakeConnection = Cannot open database "Rpro_37600" requested by the login. The login failed.
Login failed for user 'rpro'.
[10:26:01]->MakeConnection = Cannot open database "Rpro_37600" requested by the login. The login failed.
Login failed for user 'rpro'.
[10:26:01]->MakeConnection = Cannot open database "Rpro_37600" requested by the login. The login failed.
Login failed for user 'rpro'.
[10:26:02]->MakeConnection = Cannot open database "Rpro_37600" requested by the login. The login failed.
Login failed for user 'rpro'.
[10:26:02]->MakeConnection = Cannot open database "Rpro_37600" requested by the login. The login failed.
Login failed for user 'rpro'.
[10:26:04]->MakeConnection = Cannot open database "Rpro_37600" requested by the login. The login failed.
Login failed for user 'rpro'.
[10:26:04]->MakeConnection = Cannot open database "Rpro_37600" requested by the login. The login failed.
Login failed for user 'rpro'.
[10:26:10]->MakeConnection = Cannot open database "Rpro_37600" requested by the login. The login failed.
Login failed for user 'rpro'.
[10:26:10]->MakeConnection = Cannot open database "Rpro_37600" requested by the login. The login failed.
Login failed for user 'rpro'.
[10:26:13]->MakeConnection = Cannot open database "Rpro_37600" requested by the login. The login failed.
Login failed for user 'rpro'.
[10:26:13]->MakeConnection = Cannot open database "Rpro_37600" requested by the login. The login failed.
Login failed for user 'rpro'.
[10:26:16]->MakeConnection = Cannot open database "Rpro_37600" requested by the login. The login failed.
Login failed for user 'rpro'.
[10:26:17]->MakeConnection = Cannot open database "Rpro_37600" requested by the login. The login failed.
Login failed for user 'rpro'.
[10:26:21]->MakeConnection = Cannot open database "Rpro_37600" requested by the login. The login failed.
Login failed for user 'rpro'.
[10:26:21]->MakeConnection = Cannot open database "Rpro_37600" requested by the login. The login failed.
Login failed for user 'rpro'.
[10:26:27]->MakeConnection = Cannot open database "Rpro_37600" requested by the login. The login failed.
Login failed for user 'rpro'.
[10:26:27]->MakeConnection = Cannot open database "Rpro_37600" requested by the login. The login failed.
Login failed for user 'rpro'.
[10:26:32]->MakeConnection = Cannot open database "Rpro_37600" requested by the login. The login failed.
Login failed for user 'rpro'.
[10:26:35]->MakeConnection = Cannot open database "Rpro_37600" requested by the login. The login failed.
Login failed for user 'rpro'.
[10:26:35]->MakeConnection = Cannot open database "Rpro_37600" requested by the login. The login failed.
Login failed for user 'rpro'.
[10:26:45]->MakeConnection = Cannot open database "Rpro_37600" requested by the login. The login failed.
Login failed for user 'rpro'.
[10:26:45]->MakeConnection = Cannot open database "Rpro_37600" requested by the login. The login failed.
Login failed for user 'rpro'.
[10:26:56]->MakeConnection = Cannot open database "Rpro_37600" requested by the login. The login failed.
Login failed for user 'rpro'.
[10:27:06]->MakeConnection = Cannot open database "Rpro_37600" requested by the login. The login failed.
Login failed for user 'rpro'.
[10:27:06]->MakeConnection = Cannot open database "Rpro_37600" requested by the login. The login failed.
Login failed for user 'rpro'.
[10:27:13]->MakeConnection = Cannot open database "Rpro_37600" requested by the login. The login failed.
Login failed for user 'rpro'.
[10:27:13]->MakeConnection = Cannot open database "Rpro_37600" requested by the login. The login failed.
Login failed for user 'rpro'.
[10:27:13]->MakeConnection = Cannot open database "Rpro_37600" requested by the login. The login failed.
Login failed for user 'rpro'.
[10:27:13]->MakeConnection = Cannot open database "Rpro_37600" requested by the login. The login failed.
Login failed for user 'rpro'.
[10:27:14]->MakeConnection = Cannot open database "Rpro_37600" requested by the login. The login failed.
Login failed for user 'rpro'.
[10:27:15]->MakeConnection = Cannot open database "Rpro_37600" requested by the login. The login failed.
Login failed for user 'rpro'.
[10:27:15]->MakeConnection = Cannot open database "Rpro_37600" requested by the login. The login failed.
Login failed for user 'rpro'.
[10:27:15]->MakeConnection = Cannot open database "Rpro_37600" requested by the login. The login failed.
Login failed for user 'rpro'.
[10:27:15]->MakeConnection = Cannot open database "Rpro_37600" requested by the login. The login failed.
Login failed for user 'rpro'.
[10:27:16]->MakeConnection = Cannot open database "Rpro_37600" requested by the login. The login failed.
Login failed for user 'rpro'.
[10:27:17]->MakeConnection = Cannot open database "Rpro_37600" requested by the login. The login failed.
Login failed for user 'rpro'.
[10:27:18]->MakeConnection = Cannot open database "Rpro_37600" requested by the login. The login failed.
Login failed for user 'rpro'.
[10:27:18]->MakeConnection = Cannot open database "Rpro_37600" requested by the login. The login failed.
Login failed for user 'rpro'.
[10:27:19]->MakeConnection = Cannot open database "Rpro_37600" requested by the login. The login failed.
Login failed for user 'rpro'.
[10:27:20]->MakeConnection = Cannot open database "Rpro_37600" requested by the login. The login failed.
Login failed for user 'rpro'.
[10:27:20]->MakeConnection = Cannot open database "Rpro_37600" requested by the login. The login failed.
Login failed for user 'rpro'.
[10:27:20]->MakeConnection = Cannot open database "Rpro_37600" requested by the login. The login failed.
Login failed for user 'rpro'.
[10:27:21]->MakeConnection = Cannot open database "Rpro_37600" requested by the login. The login failed.
Login failed for user 'rpro'.
[10:27:21]->MakeConnection = Cannot open database "Rpro_37600" requested by the login. The login failed.
Login failed for user 'rpro'.
[10:27:21]->MakeConnection = Cannot open database "Rpro_37600" requested by the login. The login failed.
Login failed for user 'rpro'.
[10:27:25]->MakeConnection = Cannot open database "Rpro_37600" requested by the login. The login failed.
Login failed for user 'rpro'.
[10:27:25]->MakeConnection = Cannot open database "Rpro_37600" requested by the login. The login failed.
Login failed for user 'rpro'.
[10:27:31]->MakeConnection = Cannot open database "Rpro_37600" requested by the login. The login failed.
Login failed for user 'rpro'.
[10:27:32]->MakeConnection = Cannot open database "Rpro_37600" requested by the login. The login failed.
Login failed for user 'rpro'.
[10:27:33]->MakeConnection = Cannot open database "Rpro_37600" requested by the login. The login failed.
Login failed for user 'rpro'.
[10:27:34]->MakeConnection = Cannot open database "Rpro_37600" requested by the login. The login failed.
Login failed for user 'rpro'.
[10:27:35]->MakeConnection = Cannot open database "Rpro_37600" requested by the login. The login failed.
Login failed for user 'rpro'.
[10:27:36]->MakeConnection = Cannot open database "Rpro_37600" requested by the login. The login failed.
Login failed for user 'rpro'.
[10:27:37]->MakeConnection = Cannot open database "Rpro_37600" requested by the login. The login failed.
Login failed for user 'rpro'.
[10:27:57]->MakeConnection = Cannot open database "Rpro_37600" requested by the login. The login failed.
Login failed for user 'rpro'.
[10:28:13]->MakeConnection = Cannot open database "Rpro_37600" requested by the login. The login failed.
Login failed for user 'rpro'.
[10:35:49]->GetWebSetting = Object reference not set to an instance of an object.
[10:35:56]->GetWebSetting = Object reference not set to an instance of an object.
[12:18:19]->GetWebSetting = Object reference not set to an instance of an object.
